<?xml version="1.0" encoding="UTF-8" ?>
<testsuite failures="0" time="0.389" errors="1" skipped="0" tests="1" name="model.net.ClientRestfulPostTest">
  <properties>
    <property name="java.runtime.name" value="Java(TM) SE Runtime Environment"/>
    <property name="sun.boot.library.path" value="/usr/lib/jvm/jdk1.7.0_45/jre/lib/amd64"/>
    <property name="java.vm.version" value="24.45-b08"/>
    <property name="java.vm.vendor" value="Oracle Corporation"/>
    <property name="java.vendor.url" value="http://java.oracle.com/"/>
    <property name="path.separator" value=":"/>
    <property name="guice.disable.misplaced.annotation.check" value="true"/>
    <property name="java.vm.name" value="Java HotSpot(TM) 64-Bit Server VM"/>
    <property name="file.encoding.pkg" value="sun.io"/>
    <property name="user.country" value="US"/>
    <property name="sun.java.launcher" value="SUN_STANDARD"/>
    <property name="sun.os.patch.level" value="unknown"/>
    <property name="java.vm.specification.name" value="Java Virtual Machine Specification"/>
    <property name="user.dir" value="/home/skuarch/NetBeansProjects/wsa_nodeChecker"/>
    <property name="java.runtime.version" value="1.7.0_45-b18"/>
    <property name="java.awt.graphicsenv" value="sun.awt.X11GraphicsEnvironment"/>
    <property name="java.endorsed.dirs" value="/usr/lib/jvm/jdk1.7.0_45/jre/lib/endorsed"/>
    <property name="os.arch" value="amd64"/>
    <property name="java.io.tmpdir" value="/tmp"/>
    <property name="line.separator" value="
"/>
    <property name="java.vm.specification.vendor" value="Oracle Corporation"/>
    <property name="os.name" value="Linux"/>
    <property name="maven.ext.class.path" value="/home/skuarch/applications/netbeans-7.4/java/maven-nblib/netbeans-eventspy.jar"/>
    <property name="classworlds.conf" value="/home/skuarch/applications/netbeans-7.4/java/maven/bin/m2.conf"/>
    <property name="sun.jnu.encoding" value="UTF-8"/>
    <property name="java.library.path" value="/usr/lib/jvm/jdk1.7.0_45/jre/lib/amd64:/usr/lib/jvm/jdk1.7.0_45/jre/lib/i386::/usr/java/packages/lib/amd64:/usr/lib64:/lib64:/lib:/usr/lib"/>
    <property name="java.specification.name" value="Java Platform API Specification"/>
    <property name="java.class.version" value="51.0"/>
    <property name="sun.management.compiler" value="HotSpot 64-Bit Tiered Compilers"/>
    <property name="os.version" value="3.13.0-rc3"/>
    <property name="user.home" value="/home/skuarch"/>
    <property name="user.timezone" value="America/Mexico_City"/>
    <property name="java.awt.printerjob" value="sun.print.PSPrinterJob"/>
    <property name="file.encoding" value="UTF-8"/>
    <property name="java.specification.version" value="1.7"/>
    <property name="user.name" value="skuarch"/>
    <property name="java.class.path" value="/home/skuarch/applications/netbeans-7.4/java/maven/boot/plexus-classworlds-2.4.jar"/>
    <property name="java.vm.specification.version" value="1.7"/>
    <property name="sun.arch.data.model" value="64"/>
    <property name="java.home" value="/usr/lib/jvm/jdk1.7.0_45/jre"/>
    <property name="sun.java.command" value="org.codehaus.plexus.classworlds.launcher.Launcher -Dmaven.ext.class.path=/home/skuarch/applications/netbeans-7.4/java/maven-nblib/netbeans-eventspy.jar clean install"/>
    <property name="java.specification.vendor" value="Oracle Corporation"/>
    <property name="user.language" value="en"/>
    <property name="awt.toolkit" value="sun.awt.X11.XToolkit"/>
    <property name="java.vm.info" value="mixed mode"/>
    <property name="java.version" value="1.7.0_45"/>
    <property name="java.ext.dirs" value="/usr/lib/jvm/jdk1.7.0_45/jre/lib/ext:/usr/java/packages/lib/ext"/>
    <property name="securerandom.source" value="file:/dev/./urandom"/>
    <property name="sun.boot.class.path" value="/usr/lib/jvm/jdk1.7.0_45/jre/lib/resources.jar:/usr/lib/jvm/jdk1.7.0_45/jre/lib/rt.jar:/usr/lib/jvm/jdk1.7.0_45/jre/lib/sunrsasign.jar:/usr/lib/jvm/jdk1.7.0_45/jre/lib/jsse.jar:/usr/lib/jvm/jdk1.7.0_45/jre/lib/jce.jar:/usr/lib/jvm/jdk1.7.0_45/jre/lib/charsets.jar:/usr/lib/jvm/jdk1.7.0_45/jre/lib/jfr.jar:/usr/lib/jvm/jdk1.7.0_45/jre/classes"/>
    <property name="java.vendor" value="Oracle Corporation"/>
    <property name="maven.home" value="/home/skuarch/applications/netbeans-7.4/java/maven"/>
    <property name="file.separator" value="/"/>
    <property name="java.vendor.url.bug" value="http://bugreport.sun.com/bugreport/"/>
    <property name="sun.cpu.endian" value="little"/>
    <property name="sun.io.unicode.encoding" value="UnicodeLittle"/>
    <property name="sun.cpu.isalist" value=""/>
  </properties>
  <testcase time="0.388" classname="model.net.ClientRestfulPostTest" name="testSend">
    <error message="Connection to http://192.168.208.9:8080 refused" type="org.apache.http.conn.HttpHostConnectException">org.apache.http.conn.HttpHostConnectException: Connection to http://192.168.208.9:8080 refused
	at org.apache.http.impl.conn.DefaultClientConnectionOperator.openConnection(DefaultClientConnectionOperator.java:190)
	at org.apache.http.impl.conn.ManagedClientConnectionImpl.open(ManagedClientConnectionImpl.java:294)
	at org.apache.http.impl.client.DefaultRequestDirector.tryConnect(DefaultRequestDirector.java:640)
	at org.apache.http.impl.client.DefaultRequestDirector.execute(DefaultRequestDirector.java:479)
	at org.apache.http.impl.client.AbstractHttpClient.execute(AbstractHttpClient.java:906)
	at org.apache.http.impl.client.AbstractHttpClient.execute(AbstractHttpClient.java:805)
	at org.jboss.resteasy.client.core.executors.ApacheHttpClient4Executor.execute(ApacheHttpClient4Executor.java:199)
	at org.jboss.resteasy.core.interception.ClientExecutionContextImpl.proceed(ClientExecutionContextImpl.java:41)
	at org.jboss.resteasy.plugins.interceptors.encoding.AcceptEncodingGZIPInterceptor.execute(AcceptEncodingGZIPInterceptor.java:40)
	at org.jboss.resteasy.core.interception.ClientExecutionContextImpl.proceed(ClientExecutionContextImpl.java:47)
	at org.jboss.resteasy.client.ClientRequest.execute(ClientRequest.java:441)
	at org.jboss.resteasy.client.ClientRequest.httpMethod(ClientRequest.java:682)
	at org.jboss.resteasy.client.ClientRequest.post(ClientRequest.java:566)
	at org.jboss.resteasy.client.ClientRequest.post(ClientRequest.java:571)
	at model.net.ClientRestfulPost.post(ClientRestfulPost.java:123)
	at model.net.ClientRestfulPostTest.testSend(ClientRestfulPostTest.java:44)
Caused by: java.net.ConnectException: Connection refused
	at java.net.PlainSocketImpl.socketConnect(Native Method)
	at java.net.AbstractPlainSocketImpl.doConnect(AbstractPlainSocketImpl.java:339)
	at java.net.AbstractPlainSocketImpl.connectToAddress(AbstractPlainSocketImpl.java:200)
	at java.net.AbstractPlainSocketImpl.connect(AbstractPlainSocketImpl.java:182)
	at java.net.SocksSocketImpl.connect(SocksSocketImpl.java:392)
	at java.net.Socket.connect(Socket.java:579)
	at org.apache.http.conn.scheme.PlainSocketFactory.connectSocket(PlainSocketFactory.java:127)
	at org.apache.http.impl.conn.DefaultClientConnectionOperator.openConnection(DefaultClientConnectionOperator.java:180)
	... 43 more
</error>
    <system-out>test restful client post
18:44:04,051 DEBUG DocumentProvider:60 - Unable to retrieve config: expandEntityReferences defaults to true
18:44:04,059 DEBUG DocumentProvider:60 - Unable to retrieve config: expandEntityReferences defaults to true
18:44:04,324 DEBUG BasicClientConnectionManager:157 - Get connection for route {}-&gt;http://192.168.208.9:8080
18:44:04,334 DEBUG DefaultClientConnectionOperator:177 - Connecting to 192.168.208.9:8080
18:44:04,337 DEBUG DefaultClientConnection:169 - Connection org.apache.http.impl.conn.DefaultClientConnection@612a7ea1 closed
18:44:04,338 DEBUG DefaultClientConnection:154 - Connection org.apache.http.impl.conn.DefaultClientConnection@612a7ea1 shut down
18:44:04,338 DEBUG BasicClientConnectionManager:189 - Releasing connection org.apache.http.impl.conn.ManagedClientConnectionImpl@110f9f2f
18:44:04,339 DEBUG BasicClientConnectionManager:219 - Connection can be kept alive for 9223372036854775807 MILLISECONDS
</system-out>
  </testcase>
</testsuite>